✅ Tesseract.js已加载，使用真实OCR识别
✅ 使用新的前端页面: /Users/lewis_1/source code/FileCognize/public
文件整理服务器运行在端口 3001
开始PDF OCR识别并处理: 3.pdf
PDF文本提取完成，文本长度: 2
PDF文本内容较少，可能是扫描版PDF，尝试OCR识别...
PDF转图片成功，开始OCR识别: /Users/lewis_1/source code/FileCognize/server/uploads/upload_1749900265070_page1.png
正在初始化OCR服务...
✅ Tesseract.js OCR服务初始化完成
开始多语言OCR识别: upload_1749900265070_page1.png
node:internal/event_target:1101
  process.nextTick(() => { throw err; });
                           ^

Error: TypeError: Cannot read properties of null (reading 'SetImageFile')
    at Worker.<anonymous> (/Users/lewis_1/source code/FileCognize/node_modules/tesseract.js/src/createWorker.js:191:15)
    at Worker.emit (node:events:507:28)
    at MessagePort.<anonymous> (node:internal/worker:268:53)
    at [nodejs.internal.kHybridDispatch] (node:internal/event_target:827:20)
    at MessagePort.<anonymous> (node:internal/per_context/messageport:23:28)

Node.js v24.1.0
